d:\ets2-arduino-telemetry\arduino-ets2-telemetry\bin\arduino-telemetry.lib
d:\ets2-arduino-telemetry\arduino-ets2-telemetry\bin\arduino-telemetry.exp
d:\ets2-arduino-telemetry\arduino-ets2-telemetry\bin\arduino-telemetry-x64.lib
d:\ets2-arduino-telemetry\arduino-ets2-telemetry\bin\arduino-telemetry-x64.exp
d:\ets2-arduino-telemetry\scs-telemetry\vs2012\debug\vc142.pdb
d:\ets2-arduino-telemetry\scs-telemetry\vs2012\debug\sharedmemory.obj
d:\ets2-arduino-telemetry\scs-telemetry\vs2012\debug\scs_config_handlers.obj
d:\ets2-arduino-telemetry\scs-telemetry\vs2012\debug\scs_telemetry.obj
d:\ets2-arduino-telemetry\scs-telemetry\vs2012\debug\scs_gameplay_event_handlers.obj
d:\ets2-arduino-telemetry\scs-telemetry\vs2012\debug\log.obj
d:\ets2-arduino-telemetry\arduino-ets2-telemetry\bin\arduino-telemetry-x64.dll
d:\ets2-arduino-telemetry\arduino-ets2-telemetry\bin\arduino-telemetry-x64.pdb
d:\ets2-arduino-telemetry\scs-telemetry\vs2012\debug\vc142.idb
d:\ets2-arduino-telemetry\scs-telemetry\vs2012\debug\arduino-.0b739935.tlog\arduino-telemetry.write.1u.tlog
d:\ets2-arduino-telemetry\scs-telemetry\vs2012\debug\arduino-.0b739935.tlog\cl.command.1.tlog
d:\ets2-arduino-telemetry\scs-telemetry\vs2012\debug\arduino-.0b739935.tlog\cl.read.1.tlog
d:\ets2-arduino-telemetry\scs-telemetry\vs2012\debug\arduino-.0b739935.tlog\cl.write.1.tlog
d:\ets2-arduino-telemetry\scs-telemetry\vs2012\debug\arduino-.0b739935.tlog\link.command.1.tlog
d:\ets2-arduino-telemetry\scs-telemetry\vs2012\debug\arduino-.0b739935.tlog\link.read.1.tlog
d:\ets2-arduino-telemetry\scs-telemetry\vs2012\debug\arduino-.0b739935.tlog\link.write.1.tlog
