d:\scs-telemetry-server\scs-telemetry\vs2012\debug\vc142.pdb
d:\scs-telemetry-server\scs-telemetry\vs2012\debug\sharedmemory.obj
d:\scs-telemetry-server\scs-telemetry\vs2012\debug\scs_config_handlers.obj
d:\scs-telemetry-server\scs-telemetry\vs2012\debug\scs_telemetry.obj
d:\scs-telemetry-server\scs-telemetry\vs2012\debug\scs_gameplay_event_handlers.obj
d:\scs-telemetry-server\scs-telemetry\vs2012\debug\log.obj
d:\scs-telemetry-server\scs-telemetry-server\debug\scs-telemetry-plugin-x86.dll
d:\scs-telemetry-server\scs-telemetry-server\bin\scs-telemetry-plugin-x86.dll
d:\scs-telemetry-server\scs-telemetry-server\bin\scs-telemetry-plugin-x86.pdb
d:\scs-telemetry-server\scs-telemetry-server\bin\scs-telemetry-plugin-x64.dll
d:\scs-telemetry-server\scs-telemetry-server\bin\scs-telemetry-plugin-x64.pdb
d:\scs-telemetry-server\scs-telemetry-server\debug\scs-telemetry-plugin-x86.lib
d:\scs-telemetry-server\scs-telemetry-server\debug\scs-telemetry-plugin-x86.exp
d:\scs-telemetry-server\scs-telemetry-server\bin\scs-telemetry-plugin-x64.lib
d:\scs-telemetry-server\scs-telemetry-server\bin\scs-telemetry-plugin-x64.exp
d:\scs-telemetry-server\scs-telemetry-server\bin\scs-telemetry-plugin-x86.lib
d:\scs-telemetry-server\scs-telemetry-server\bin\scs-telemetry-plugin-x86.exp
d:\scs-telemetry-server\scs-telemetry\vs2012\debug\scs-tele.0b739935.tlog\cl.command.1.tlog
d:\scs-telemetry-server\scs-telemetry\vs2012\debug\scs-tele.0b739935.tlog\cl.read.1.tlog
d:\scs-telemetry-server\scs-telemetry\vs2012\debug\scs-tele.0b739935.tlog\cl.write.1.tlog
d:\scs-telemetry-server\scs-telemetry\vs2012\debug\scs-tele.0b739935.tlog\link.command.1.tlog
d:\scs-telemetry-server\scs-telemetry\vs2012\debug\scs-tele.0b739935.tlog\link.read.1.tlog
d:\scs-telemetry-server\scs-telemetry\vs2012\debug\scs-tele.0b739935.tlog\link.write.1.tlog
d:\scs-telemetry-server\scs-telemetry\vs2012\debug\scs-tele.0b739935.tlog\scs-telemetry-plugin.write.1u.tlog
