D:\Program Files (x86)\Microsoft Visual Studio\2019\Community\MSBuild\Microsoft\VC\v160\Microsoft.CppBuild.targets(452,5): warning MSB8004: Intermediate Directory does not end with a trailing slash.  This build instance will add the slash as it is required to allow proper evaluation of the Intermediate Directory.
D:\Program Files (x86)\Microsoft Visual Studio\2019\Community\MSBuild\Microsoft\VC\v160\Microsoft.CppBuild.targets(453,5): warning MSB8004: Output Directory does not end with a trailing slash.  This build instance will add the slash as it is required to allow proper evaluation of the Output Directory.
  log.cpp
  scs_gameplay_event_handlers.cpp
D:\SCS-Telemetry-Server\scs-telemetry\src\scs_gameplay_event_handlers.cpp(189,5): warning C4996: 'strncpy': This function or variable may be unsafe. Consider using strncpy_s instead. To disable deprecation, use _CRT_SECURE_NO_WARNINGS. See online help for details.
D:\SCS-Telemetry-Server\scs-telemetry\src\scs_gameplay_event_handlers.cpp(226,5): warning C4996: 'strncpy': This function or variable may be unsafe. Consider using strncpy_s instead. To disable deprecation, use _CRT_SECURE_NO_WARNINGS. See online help for details.
D:\SCS-Telemetry-Server\scs-telemetry\src\scs_gameplay_event_handlers.cpp(232,5): warning C4996: 'strncpy': This function or variable may be unsafe. Consider using strncpy_s instead. To disable deprecation, use _CRT_SECURE_NO_WARNINGS. See online help for details.
D:\SCS-Telemetry-Server\scs-telemetry\src\scs_gameplay_event_handlers.cpp(238,5): warning C4996: 'strncpy': This function or variable may be unsafe. Consider using strncpy_s instead. To disable deprecation, use _CRT_SECURE_NO_WARNINGS. See online help for details.
D:\SCS-Telemetry-Server\scs-telemetry\src\scs_gameplay_event_handlers.cpp(244,5): warning C4996: 'strncpy': This function or variable may be unsafe. Consider using strncpy_s instead. To disable deprecation, use _CRT_SECURE_NO_WARNINGS. See online help for details.
D:\SCS-Telemetry-Server\scs-telemetry\src\scs_gameplay_event_handlers.cpp(262,5): warning C4996: 'strncpy': This function or variable may be unsafe. Consider using strncpy_s instead. To disable deprecation, use _CRT_SECURE_NO_WARNINGS. See online help for details.
D:\SCS-Telemetry-Server\scs-telemetry\src\scs_gameplay_event_handlers.cpp(268,5): warning C4996: 'strncpy': This function or variable may be unsafe. Consider using strncpy_s instead. To disable deprecation, use _CRT_SECURE_NO_WARNINGS. See online help for details.
D:\SCS-Telemetry-Server\scs-telemetry\src\scs_gameplay_event_handlers.cpp(274,5): warning C4996: 'strncpy': This function or variable may be unsafe. Consider using strncpy_s instead. To disable deprecation, use _CRT_SECURE_NO_WARNINGS. See online help for details.
D:\SCS-Telemetry-Server\scs-telemetry\src\scs_gameplay_event_handlers.cpp(280,5): warning C4996: 'strncpy': This function or variable may be unsafe. Consider using strncpy_s instead. To disable deprecation, use _CRT_SECURE_NO_WARNINGS. See online help for details.
  scs_telemetry.cpp
D:\SCS-Telemetry-Server\scs-telemetry\src\scs_telemetry.cpp(433,48): warning C4244: '=': conversion from 'float' to 'int', possible loss of data
  scs_config_handlers.cpp
D:\SCS-Telemetry-Server\scs-telemetry\src\scs_config_handlers.cpp(201,9): warning C4996: 'strncpy': This function or variable may be unsafe. Consider using strncpy_s instead. To disable deprecation, use _CRT_SECURE_NO_WARNINGS. See online help for details.
D:\SCS-Telemetry-Server\scs-telemetry\src\scs_config_handlers.cpp(212,5): warning C4996: 'strncpy': This function or variable may be unsafe. Consider using strncpy_s instead. To disable deprecation, use _CRT_SECURE_NO_WARNINGS. See online help for details.
D:\SCS-Telemetry-Server\scs-telemetry\src\scs_config_handlers.cpp(255,5): warning C4996: 'strncpy': This function or variable may be unsafe. Consider using strncpy_s instead. To disable deprecation, use _CRT_SECURE_NO_WARNINGS. See online help for details.
D:\SCS-Telemetry-Server\scs-telemetry\src\scs_config_handlers.cpp(259,5): warning C4996: 'strncpy': This function or variable may be unsafe. Consider using strncpy_s instead. To disable deprecation, use _CRT_SECURE_NO_WARNINGS. See online help for details.
D:\SCS-Telemetry-Server\scs-telemetry\src\scs_config_handlers.cpp(263,5): warning C4996: 'strncpy': This function or variable may be unsafe. Consider using strncpy_s instead. To disable deprecation, use _CRT_SECURE_NO_WARNINGS. See online help for details.
D:\SCS-Telemetry-Server\scs-telemetry\src\scs_config_handlers.cpp(267,5): warning C4996: 'strncpy': This function or variable may be unsafe. Consider using strncpy_s instead. To disable deprecation, use _CRT_SECURE_NO_WARNINGS. See online help for details.
D:\SCS-Telemetry-Server\scs-telemetry\src\scs_config_handlers.cpp(425,5): warning C4996: 'strncpy': This function or variable may be unsafe. Consider using strncpy_s instead. To disable deprecation, use _CRT_SECURE_NO_WARNINGS. See online help for details.
D:\SCS-Telemetry-Server\scs-telemetry\src\scs_config_handlers.cpp(429,5): warning C4996: 'strncpy': This function or variable may be unsafe. Consider using strncpy_s instead. To disable deprecation, use _CRT_SECURE_NO_WARNINGS. See online help for details.
D:\SCS-Telemetry-Server\scs-telemetry\src\scs_config_handlers.cpp(433,5): warning C4996: 'strncpy': This function or variable may be unsafe. Consider using strncpy_s instead. To disable deprecation, use _CRT_SECURE_NO_WARNINGS. See online help for details.
D:\SCS-Telemetry-Server\scs-telemetry\src\scs_config_handlers.cpp(439,5): warning C4996: 'strncpy': This function or variable may be unsafe. Consider using strncpy_s instead. To disable deprecation, use _CRT_SECURE_NO_WARNINGS. See online help for details.
D:\SCS-Telemetry-Server\scs-telemetry\src\scs_config_handlers.cpp(443,5): warning C4996: 'strncpy': This function or variable may be unsafe. Consider using strncpy_s instead. To disable deprecation, use _CRT_SECURE_NO_WARNINGS. See online help for details.
D:\SCS-Telemetry-Server\scs-telemetry\src\scs_config_handlers.cpp(515,5): warning C4996: 'strncpy': This function or variable may be unsafe. Consider using strncpy_s instead. To disable deprecation, use _CRT_SECURE_NO_WARNINGS. See online help for details.
D:\SCS-Telemetry-Server\scs-telemetry\src\scs_config_handlers.cpp(519,5): warning C4996: 'strncpy': This function or variable may be unsafe. Consider using strncpy_s instead. To disable deprecation, use _CRT_SECURE_NO_WARNINGS. See online help for details.
D:\SCS-Telemetry-Server\scs-telemetry\src\scs_config_handlers.cpp(523,5): warning C4996: 'strncpy': This function or variable may be unsafe. Consider using strncpy_s instead. To disable deprecation, use _CRT_SECURE_NO_WARNINGS. See online help for details.
D:\SCS-Telemetry-Server\scs-telemetry\src\scs_config_handlers.cpp(527,5): warning C4996: 'strncpy': This function or variable may be unsafe. Consider using strncpy_s instead. To disable deprecation, use _CRT_SECURE_NO_WARNINGS. See online help for details.
D:\SCS-Telemetry-Server\scs-telemetry\src\scs_config_handlers.cpp(531,5): warning C4996: 'strncpy': This function or variable may be unsafe. Consider using strncpy_s instead. To disable deprecation, use _CRT_SECURE_NO_WARNINGS. See online help for details.
D:\SCS-Telemetry-Server\scs-telemetry\src\scs_config_handlers.cpp(535,5): warning C4996: 'strncpy': This function or variable may be unsafe. Consider using strncpy_s instead. To disable deprecation, use _CRT_SECURE_NO_WARNINGS. See online help for details.
D:\SCS-Telemetry-Server\scs-telemetry\src\scs_config_handlers.cpp(539,5): warning C4996: 'strncpy': This function or variable may be unsafe. Consider using strncpy_s instead. To disable deprecation, use _CRT_SECURE_NO_WARNINGS. See online help for details.
D:\SCS-Telemetry-Server\scs-telemetry\src\scs_config_handlers.cpp(544,5): warning C4996: 'strncpy': This function or variable may be unsafe. Consider using strncpy_s instead. To disable deprecation, use _CRT_SECURE_NO_WARNINGS. See online help for details.
D:\SCS-Telemetry-Server\scs-telemetry\src\scs_config_handlers.cpp(553,5): warning C4996: 'strncpy': This function or variable may be unsafe. Consider using strncpy_s instead. To disable deprecation, use _CRT_SECURE_NO_WARNINGS. See online help for details.
D:\SCS-Telemetry-Server\scs-telemetry\src\scs_config_handlers.cpp(557,5): warning C4996: 'strncpy': This function or variable may be unsafe. Consider using strncpy_s instead. To disable deprecation, use _CRT_SECURE_NO_WARNINGS. See online help for details.
D:\SCS-Telemetry-Server\scs-telemetry\src\scs_config_handlers.cpp(565,5): warning C4996: 'strncpy': This function or variable may be unsafe. Consider using strncpy_s instead. To disable deprecation, use _CRT_SECURE_NO_WARNINGS. See online help for details.
D:\SCS-Telemetry-Server\scs-telemetry\src\scs_config_handlers.cpp(569,5): warning C4996: 'strncpy': This function or variable may be unsafe. Consider using strncpy_s instead. To disable deprecation, use _CRT_SECURE_NO_WARNINGS. See online help for details.
D:\SCS-Telemetry-Server\scs-telemetry\src\scs_config_handlers.cpp(573,5): warning C4996: 'strncpy': This function or variable may be unsafe. Consider using strncpy_s instead. To disable deprecation, use _CRT_SECURE_NO_WARNINGS. See online help for details.
D:\SCS-Telemetry-Server\scs-telemetry\src\scs_config_handlers.cpp(577,5): warning C4996: 'strncpy': This function or variable may be unsafe. Consider using strncpy_s instead. To disable deprecation, use _CRT_SECURE_NO_WARNINGS. See online help for details.
D:\SCS-Telemetry-Server\scs-telemetry\src\scs_config_handlers.cpp(582,5): warning C4996: 'strncpy': This function or variable may be unsafe. Consider using strncpy_s instead. To disable deprecation, use _CRT_SECURE_NO_WARNINGS. See online help for details.
D:\SCS-Telemetry-Server\scs-telemetry\src\scs_config_handlers.cpp(586,5): warning C4996: 'strncpy': This function or variable may be unsafe. Consider using strncpy_s instead. To disable deprecation, use _CRT_SECURE_NO_WARNINGS. See online help for details.
D:\SCS-Telemetry-Server\scs-telemetry\src\scs_config_handlers.cpp(590,5): warning C4996: 'strncpy': This function or variable may be unsafe. Consider using strncpy_s instead. To disable deprecation, use _CRT_SECURE_NO_WARNINGS. See online help for details.
D:\SCS-Telemetry-Server\scs-telemetry\src\scs_config_handlers.cpp(595,5): warning C4996: 'strncpy': This function or variable may be unsafe. Consider using strncpy_s instead. To disable deprecation, use _CRT_SECURE_NO_WARNINGS. See online help for details.
D:\SCS-Telemetry-Server\scs-telemetry\src\scs_config_handlers.cpp(611,5): warning C4996: 'strncpy': This function or variable may be unsafe. Consider using strncpy_s instead. To disable deprecation, use _CRT_SECURE_NO_WARNINGS. See online help for details.
  sharedmemory.cpp
  Generating Code...
     Creating library ..\..\SCS-Telemetry-Server\plugins\SCS-Telemetry-Plugin-x86.lib and object ..\..\SCS-Telemetry-Server\plugins\SCS-Telemetry-Plugin-x86.exp
SCS-Telemetry-Plugin-x86.exp : warning LNK4070: /OUT:scs-telemetry.dll directive in .EXP differs from output filename '..\..\SCS-Telemetry-Server\plugins\SCS-Telemetry-Plugin-x86.dll'; ignoring directive
  scs-telemetry.vcxproj -> D:\SCS-Telemetry-Server\scs-telemetry\vs2012\..\..\SCS-Telemetry-Server\plugins\SCS-Telemetry-Plugin-x86.dll
