D:\Program Files (x86)\Microsoft Visual Studio\2019\Community\MSBuild\Microsoft\VC\v160\Microsoft.CppBuild.targets(452,5): warning MSB8004: Intermediate Directory does not end with a trailing slash.  This build instance will add the slash as it is required to allow proper evaluation of the Intermediate Directory.
D:\Program Files (x86)\Microsoft Visual Studio\2019\Community\MSBuild\Microsoft\VC\v160\Microsoft.CppBuild.targets(453,5): warning MSB8004: Output Directory does not end with a trailing slash.  This build instance will add the slash as it is required to allow proper evaluation of the Output Directory.
  log.cpp
  scs_gameplay_event_handlers.cpp
D:\SCS-Telemetry-Server\scs-telemetry\src\scs_gameplay_event_handlers.cpp(184,2): warning C4996: 'strncpy': This function or variable may be unsafe. Consider using strncpy_s instead. To disable deprecation, use _CRT_SECURE_NO_WARNINGS. See online help for details.
D:\SCS-Telemetry-Server\scs-telemetry\src\scs_gameplay_event_handlers.cpp(218,2): warning C4996: 'strncpy': This function or variable may be unsafe. Consider using strncpy_s instead. To disable deprecation, use _CRT_SECURE_NO_WARNINGS. See online help for details.
D:\SCS-Telemetry-Server\scs-telemetry\src\scs_gameplay_event_handlers.cpp(224,2): warning C4996: 'strncpy': This function or variable may be unsafe. Consider using strncpy_s instead. To disable deprecation, use _CRT_SECURE_NO_WARNINGS. See online help for details.
D:\SCS-Telemetry-Server\scs-telemetry\src\scs_gameplay_event_handlers.cpp(230,2): warning C4996: 'strncpy': This function or variable may be unsafe. Consider using strncpy_s instead. To disable deprecation, use _CRT_SECURE_NO_WARNINGS. See online help for details.
D:\SCS-Telemetry-Server\scs-telemetry\src\scs_gameplay_event_handlers.cpp(236,2): warning C4996: 'strncpy': This function or variable may be unsafe. Consider using strncpy_s instead. To disable deprecation, use _CRT_SECURE_NO_WARNINGS. See online help for details.
D:\SCS-Telemetry-Server\scs-telemetry\src\scs_gameplay_event_handlers.cpp(253,2): warning C4996: 'strncpy': This function or variable may be unsafe. Consider using strncpy_s instead. To disable deprecation, use _CRT_SECURE_NO_WARNINGS. See online help for details.
D:\SCS-Telemetry-Server\scs-telemetry\src\scs_gameplay_event_handlers.cpp(259,2): warning C4996: 'strncpy': This function or variable may be unsafe. Consider using strncpy_s instead. To disable deprecation, use _CRT_SECURE_NO_WARNINGS. See online help for details.
D:\SCS-Telemetry-Server\scs-telemetry\src\scs_gameplay_event_handlers.cpp(265,2): warning C4996: 'strncpy': This function or variable may be unsafe. Consider using strncpy_s instead. To disable deprecation, use _CRT_SECURE_NO_WARNINGS. See online help for details.
D:\SCS-Telemetry-Server\scs-telemetry\src\scs_gameplay_event_handlers.cpp(271,2): warning C4996: 'strncpy': This function or variable may be unsafe. Consider using strncpy_s instead. To disable deprecation, use _CRT_SECURE_NO_WARNINGS. See online help for details.
  scs_telemetry.cpp
D:\SCS-Telemetry-Server\scs-telemetry\src\scs_telemetry.cpp(421,42): warning C4244: '=': conversion from 'float' to 'int', possible loss of data
  scs_config_handlers.cpp
D:\SCS-Telemetry-Server\scs-telemetry\src\scs_config_handlers.cpp(199,3): warning C4996: 'strncpy': This function or variable may be unsafe. Consider using strncpy_s instead. To disable deprecation, use _CRT_SECURE_NO_WARNINGS. See online help for details.
D:\SCS-Telemetry-Server\scs-telemetry\src\scs_config_handlers.cpp(209,2): warning C4996: 'strncpy': This function or variable may be unsafe. Consider using strncpy_s instead. To disable deprecation, use _CRT_SECURE_NO_WARNINGS. See online help for details.
D:\SCS-Telemetry-Server\scs-telemetry\src\scs_config_handlers.cpp(252,2): warning C4996: 'strncpy': This function or variable may be unsafe. Consider using strncpy_s instead. To disable deprecation, use _CRT_SECURE_NO_WARNINGS. See online help for details.
D:\SCS-Telemetry-Server\scs-telemetry\src\scs_config_handlers.cpp(256,2): warning C4996: 'strncpy': This function or variable may be unsafe. Consider using strncpy_s instead. To disable deprecation, use _CRT_SECURE_NO_WARNINGS. See online help for details.
D:\SCS-Telemetry-Server\scs-telemetry\src\scs_config_handlers.cpp(260,2): warning C4996: 'strncpy': This function or variable may be unsafe. Consider using strncpy_s instead. To disable deprecation, use _CRT_SECURE_NO_WARNINGS. See online help for details.
D:\SCS-Telemetry-Server\scs-telemetry\src\scs_config_handlers.cpp(264,2): warning C4996: 'strncpy': This function or variable may be unsafe. Consider using strncpy_s instead. To disable deprecation, use _CRT_SECURE_NO_WARNINGS. See online help for details.
D:\SCS-Telemetry-Server\scs-telemetry\src\scs_config_handlers.cpp(420,2): warning C4996: 'strncpy': This function or variable may be unsafe. Consider using strncpy_s instead. To disable deprecation, use _CRT_SECURE_NO_WARNINGS. See online help for details.
D:\SCS-Telemetry-Server\scs-telemetry\src\scs_config_handlers.cpp(424,2): warning C4996: 'strncpy': This function or variable may be unsafe. Consider using strncpy_s instead. To disable deprecation, use _CRT_SECURE_NO_WARNINGS. See online help for details.
D:\SCS-Telemetry-Server\scs-telemetry\src\scs_config_handlers.cpp(428,2): warning C4996: 'strncpy': This function or variable may be unsafe. Consider using strncpy_s instead. To disable deprecation, use _CRT_SECURE_NO_WARNINGS. See online help for details.
D:\SCS-Telemetry-Server\scs-telemetry\src\scs_config_handlers.cpp(434,2): warning C4996: 'strncpy': This function or variable may be unsafe. Consider using strncpy_s instead. To disable deprecation, use _CRT_SECURE_NO_WARNINGS. See online help for details.
D:\SCS-Telemetry-Server\scs-telemetry\src\scs_config_handlers.cpp(438,2): warning C4996: 'strncpy': This function or variable may be unsafe. Consider using strncpy_s instead. To disable deprecation, use _CRT_SECURE_NO_WARNINGS. See online help for details.
D:\SCS-Telemetry-Server\scs-telemetry\src\scs_config_handlers.cpp(509,2): warning C4996: 'strncpy': This function or variable may be unsafe. Consider using strncpy_s instead. To disable deprecation, use _CRT_SECURE_NO_WARNINGS. See online help for details.
D:\SCS-Telemetry-Server\scs-telemetry\src\scs_config_handlers.cpp(513,2): warning C4996: 'strncpy': This function or variable may be unsafe. Consider using strncpy_s instead. To disable deprecation, use _CRT_SECURE_NO_WARNINGS. See online help for details.
D:\SCS-Telemetry-Server\scs-telemetry\src\scs_config_handlers.cpp(517,2): warning C4996: 'strncpy': This function or variable may be unsafe. Consider using strncpy_s instead. To disable deprecation, use _CRT_SECURE_NO_WARNINGS. See online help for details.
D:\SCS-Telemetry-Server\scs-telemetry\src\scs_config_handlers.cpp(521,2): warning C4996: 'strncpy': This function or variable may be unsafe. Consider using strncpy_s instead. To disable deprecation, use _CRT_SECURE_NO_WARNINGS. See online help for details.
D:\SCS-Telemetry-Server\scs-telemetry\src\scs_config_handlers.cpp(525,2): warning C4996: 'strncpy': This function or variable may be unsafe. Consider using strncpy_s instead. To disable deprecation, use _CRT_SECURE_NO_WARNINGS. See online help for details.
D:\SCS-Telemetry-Server\scs-telemetry\src\scs_config_handlers.cpp(529,2): warning C4996: 'strncpy': This function or variable may be unsafe. Consider using strncpy_s instead. To disable deprecation, use _CRT_SECURE_NO_WARNINGS. See online help for details.
D:\SCS-Telemetry-Server\scs-telemetry\src\scs_config_handlers.cpp(533,2): warning C4996: 'strncpy': This function or variable may be unsafe. Consider using strncpy_s instead. To disable deprecation, use _CRT_SECURE_NO_WARNINGS. See online help for details.
D:\SCS-Telemetry-Server\scs-telemetry\src\scs_config_handlers.cpp(538,2): warning C4996: 'strncpy': This function or variable may be unsafe. Consider using strncpy_s instead. To disable deprecation, use _CRT_SECURE_NO_WARNINGS. See online help for details.
D:\SCS-Telemetry-Server\scs-telemetry\src\scs_config_handlers.cpp(546,2): warning C4996: 'strncpy': This function or variable may be unsafe. Consider using strncpy_s instead. To disable deprecation, use _CRT_SECURE_NO_WARNINGS. See online help for details.
D:\SCS-Telemetry-Server\scs-telemetry\src\scs_config_handlers.cpp(550,2): warning C4996: 'strncpy': This function or variable may be unsafe. Consider using strncpy_s instead. To disable deprecation, use _CRT_SECURE_NO_WARNINGS. See online help for details.
D:\SCS-Telemetry-Server\scs-telemetry\src\scs_config_handlers.cpp(558,2): warning C4996: 'strncpy': This function or variable may be unsafe. Consider using strncpy_s instead. To disable deprecation, use _CRT_SECURE_NO_WARNINGS. See online help for details.
D:\SCS-Telemetry-Server\scs-telemetry\src\scs_config_handlers.cpp(562,2): warning C4996: 'strncpy': This function or variable may be unsafe. Consider using strncpy_s instead. To disable deprecation, use _CRT_SECURE_NO_WARNINGS. See online help for details.
D:\SCS-Telemetry-Server\scs-telemetry\src\scs_config_handlers.cpp(566,2): warning C4996: 'strncpy': This function or variable may be unsafe. Consider using strncpy_s instead. To disable deprecation, use _CRT_SECURE_NO_WARNINGS. See online help for details.
D:\SCS-Telemetry-Server\scs-telemetry\src\scs_config_handlers.cpp(570,2): warning C4996: 'strncpy': This function or variable may be unsafe. Consider using strncpy_s instead. To disable deprecation, use _CRT_SECURE_NO_WARNINGS. See online help for details.
D:\SCS-Telemetry-Server\scs-telemetry\src\scs_config_handlers.cpp(574,2): warning C4996: 'strncpy': This function or variable may be unsafe. Consider using strncpy_s instead. To disable deprecation, use _CRT_SECURE_NO_WARNINGS. See online help for details.
D:\SCS-Telemetry-Server\scs-telemetry\src\scs_config_handlers.cpp(578,2): warning C4996: 'strncpy': This function or variable may be unsafe. Consider using strncpy_s instead. To disable deprecation, use _CRT_SECURE_NO_WARNINGS. See online help for details.
D:\SCS-Telemetry-Server\scs-telemetry\src\scs_config_handlers.cpp(582,2): warning C4996: 'strncpy': This function or variable may be unsafe. Consider using strncpy_s instead. To disable deprecation, use _CRT_SECURE_NO_WARNINGS. See online help for details.
D:\SCS-Telemetry-Server\scs-telemetry\src\scs_config_handlers.cpp(586,2): warning C4996: 'strncpy': This function or variable may be unsafe. Consider using strncpy_s instead. To disable deprecation, use _CRT_SECURE_NO_WARNINGS. See online help for details.
D:\SCS-Telemetry-Server\scs-telemetry\src\scs_config_handlers.cpp(602,2): warning C4996: 'strncpy': This function or variable may be unsafe. Consider using strncpy_s instead. To disable deprecation, use _CRT_SECURE_NO_WARNINGS. See online help for details.
  sharedmemory.cpp
     Creating library ..\..\SCS-Telemetry-Server\plugins\SCS-Telemetry-Plugin-x86.lib and object ..\..\SCS-Telemetry-Server\plugins\SCS-Telemetry-Plugin-x86.exp
SCS-Telemetry-Plugin-x86.exp : warning LNK4070: /OUT:scs-telemetry.dll directive in .EXP differs from output filename '..\..\SCS-Telemetry-Server\plugins\SCS-Telemetry-Plugin-x86.dll'; ignoring directive
  Generating code
  Previous IPDB not found, fall back to full compilation.
  All 227 functions were compiled because no usable IPDB/IOBJ from previous compilation was found.
  Finished generating code
SCS-Telemetry-Plugin-x86.exp : warning LNK4070: /OUT:scs-telemetry.dll directive in .EXP differs from output filename '..\..\SCS-Telemetry-Server\plugins\SCS-Telemetry-Plugin-x86.dll'; ignoring directive
  scs-telemetry.vcxproj -> D:\SCS-Telemetry-Server\scs-telemetry\vs2012\..\..\SCS-Telemetry-Server\plugins\SCS-Telemetry-Plugin-x86.dll
