d:\scs-telemetry-server\scs-telemetry\vs2012\release\x86\vc142.pdb
d:\scs-telemetry-server\scs-telemetry\vs2012\release\x86\sharedmemory.obj
d:\scs-telemetry-server\scs-telemetry\vs2012\release\x86\scs_config_handlers.obj
d:\scs-telemetry-server\scs-telemetry\vs2012\release\x86\scs_telemetry.obj
d:\scs-telemetry-server\scs-telemetry\vs2012\release\x86\scs_gameplay_event_handlers.obj
d:\scs-telemetry-server\scs-telemetry\vs2012\release\x86\log.obj
d:\scs-telemetry-server\scs-telemetry-server\plugins\scs-telemetry-plugin-x86.dll
d:\scs-telemetry-server\scs-telemetry-server\plugins\scs-telemetry-plugin-x86.pdb
d:\scs-telemetry-server\scs-telemetry-server\plugins\scs-telemetry-plugin-x86.lib
d:\scs-telemetry-server\scs-telemetry-server\plugins\scs-telemetry-plugin-x86.exp
d:\scs-telemetry-server\scs-telemetry-server\plugins\scs-telemetry-plugin-x86.ipdb
d:\scs-telemetry-server\scs-telemetry-server\plugins\scs-telemetry-plugin-x86.iobj
d:\scs-telemetry-server\scs-telemetry\vs2012\..\..\scs-telemetry-server\plugins\scs-telemetry-plugin-x86.dll
d:\scs-telemetry-server\scs-telemetry\vs2012\release\x86\scs-tele.0b739935.tlog\cl.command.1.tlog
d:\scs-telemetry-server\scs-telemetry\vs2012\release\x86\scs-tele.0b739935.tlog\cl.read.1.tlog
d:\scs-telemetry-server\scs-telemetry\vs2012\release\x86\scs-tele.0b739935.tlog\cl.write.1.tlog
d:\scs-telemetry-server\scs-telemetry\vs2012\release\x86\scs-tele.0b739935.tlog\link.command.1.tlog
d:\scs-telemetry-server\scs-telemetry\vs2012\release\x86\scs-tele.0b739935.tlog\link.read.1.tlog
d:\scs-telemetry-server\scs-telemetry\vs2012\release\x86\scs-tele.0b739935.tlog\link.write.1.tlog
d:\scs-telemetry-server\scs-telemetry\vs2012\release\x86\scs-tele.0b739935.tlog\scs-telemetry-plugin.write.1u.tlog
