d:\scs-telemetry-server\scs-telemetry\vs2012\release\vc142.pdb
d:\scs-telemetry-server\scs-telemetry\vs2012\release\sharedmemory.obj
d:\scs-telemetry-server\scs-telemetry\vs2012\release\scs_config_handlers.obj
d:\scs-telemetry-server\scs-telemetry\vs2012\release\scs_telemetry.obj
d:\scs-telemetry-server\scs-telemetry\vs2012\release\scs_gameplay_event_handlers.obj
d:\scs-telemetry-server\scs-telemetry\vs2012\release\log.obj
d:\scs-telemetry-server\scs-telemetry-server\release\scs-telemetry-plugin.dll
d:\scs-telemetry-server\scs-telemetry-server\release\scs-telemetry-plugin.pdb
d:\scs-telemetry-server\scs-telemetry-server\release\scs-telemetry-plugin.lib
d:\scs-telemetry-server\scs-telemetry-server\release\scs-telemetry-plugin.exp
d:\scs-telemetry-server\scs-telemetry-server\release\scs-telemetry-plugin.ipdb
d:\scs-telemetry-server\scs-telemetry-server\release\scs-telemetry-plugin.iobj
d:\scs-telemetry-server\scs-telemetry\vs2012\release\scs-tele.0b739935.tlog\cl.command.1.tlog
d:\scs-telemetry-server\scs-telemetry\vs2012\release\scs-tele.0b739935.tlog\cl.read.1.tlog
d:\scs-telemetry-server\scs-telemetry\vs2012\release\scs-tele.0b739935.tlog\cl.write.1.tlog
d:\scs-telemetry-server\scs-telemetry\vs2012\release\scs-tele.0b739935.tlog\link.command.1.tlog
d:\scs-telemetry-server\scs-telemetry\vs2012\release\scs-tele.0b739935.tlog\link.delete.1.tlog
d:\scs-telemetry-server\scs-telemetry\vs2012\release\scs-tele.0b739935.tlog\link.read.1.tlog
d:\scs-telemetry-server\scs-telemetry\vs2012\release\scs-tele.0b739935.tlog\link.write.1.tlog
d:\scs-telemetry-server\scs-telemetry\vs2012\release\scs-tele.0b739935.tlog\scs-telemetry-plugin.write.1u.tlog
