d:\scs-telemetry-server\scs-telemetry\vs2012\release\x64\vc142.pdb
d:\scs-telemetry-server\scs-telemetry\vs2012\release\x64\sharedmemory.obj
d:\scs-telemetry-server\scs-telemetry\vs2012\release\x64\scs_config_handlers.obj
d:\scs-telemetry-server\scs-telemetry\vs2012\release\x64\scs_telemetry.obj
d:\scs-telemetry-server\scs-telemetry\vs2012\release\x64\scs_gameplay_event_handlers.obj
d:\scs-telemetry-server\scs-telemetry\vs2012\release\x64\log.obj
d:\scs-telemetry-server\scs-telemetry-server\plugins\scs-telemetry-plugin-x64.dll
d:\scs-telemetry-server\scs-telemetry-server\plugins\scs-telemetry-plugin-x64.pdb
d:\scs-telemetry-server\scs-telemetry-server\plugins\scs-telemetry-plugin-x64.lib
d:\scs-telemetry-server\scs-telemetry-server\plugins\scs-telemetry-plugin-x64.exp
d:\scs-telemetry-server\scs-telemetry-server\plugins\scs-telemetry-plugin-x64.ipdb
d:\scs-telemetry-server\scs-telemetry-server\plugins\scs-telemetry-plugin-x64.iobj
c:\users\joshu\documents\github\scs-telemetry-server\scs-telemetry\vs2012\release\x64\log.obj
c:\users\joshu\documents\github\scs-telemetry-server\scs-telemetry\vs2012\release\x64\scs_config_handlers.obj
c:\users\joshu\documents\github\scs-telemetry-server\scs-telemetry\vs2012\release\x64\scs_gameplay_event_handlers.obj
c:\users\joshu\documents\github\scs-telemetry-server\scs-telemetry\vs2012\release\x64\scs_telemetry.obj
c:\users\joshu\documents\github\scs-telemetry-server\scs-telemetry\vs2012\release\x64\sharedmemory.obj
c:\users\joshu\documents\github\scs-telemetry-server\scs-telemetry\vs2012\release\x64\vc142.pdb
c:\users\joshu\documents\github\scs-telemetry-server\scs-telemetry\vs2012\..\..\scs-telemetry-server\plugins\scs-telemetry-plugin-x64.dll
c:\users\joshu\documents\github\scs-telemetry-server\scs-telemetry\vs2012\release\x64\scs-tele.0b739935.tlog\cl.command.1.tlog
c:\users\joshu\documents\github\scs-telemetry-server\scs-telemetry\vs2012\release\x64\scs-tele.0b739935.tlog\cl.read.1.tlog
c:\users\joshu\documents\github\scs-telemetry-server\scs-telemetry\vs2012\release\x64\scs-tele.0b739935.tlog\cl.write.1.tlog
c:\users\joshu\documents\github\scs-telemetry-server\scs-telemetry\vs2012\release\x64\scs-tele.0b739935.tlog\link.command.1.tlog
c:\users\joshu\documents\github\scs-telemetry-server\scs-telemetry\vs2012\release\x64\scs-tele.0b739935.tlog\link.read.1.tlog
c:\users\joshu\documents\github\scs-telemetry-server\scs-telemetry\vs2012\release\x64\scs-tele.0b739935.tlog\link.write.1.tlog
c:\users\joshu\documents\github\scs-telemetry-server\scs-telemetry\vs2012\release\x64\scs-tele.0b739935.tlog\scs-telemetry-plugin.write.1u.tlog
